<?xml version="1.0" encoding="UTF-8"?>
<!-- Generated by org.testng.reporters.JUnitReportReporter -->
<testsuite hostname="Mausumi-pc" name="qaclickacademy.AppiumTest" tests="2" failures="0" timestamp="14 May 2019 11:54:06 GMT" time="0.001" errors="0">
  <testcase name="AppiumLogOut" time="0.000" classname="qaclickacademy.AppiumTest"/>
  <testcase name="AppiumLogin" time="0.001" classname="qaclickacademy.AppiumTest"/>
</testsuite> <!-- qaclickacademy.AppiumTest -->
