<?xml version="1.0" encoding="UTF-8"?>
<!-- Generated by org.testng.reporters.JUnitReportReporter -->
<testsuite hostname="Mausumi-pc" name="qaclickacademy.SeleniumTest" tests="2" failures="0" timestamp="14 May 2019 11:56:00 GMT" time="0.002" errors="0">
  <testcase name="SeleniumLogin" time="0.001" classname="qaclickacademy.SeleniumTest"/>
  <testcase name="SeleniumLogOut" time="0.001" classname="qaclickacademy.SeleniumTest"/>
</testsuite> <!-- qaclickacademy.SeleniumTest -->
