<?xml version="1.0" encoding="UTF-8"?>
<!-- Generated by org.testng.reporters.JUnitReportReporter -->
<testsuite hostname="Mausumi-pc" name="qaclickacademy.RestAssuredTest" tests="2" failures="0" timestamp="14 May 2019 11:56:00 GMT" time="0.016" errors="0">
  <testcase name="RestAssuredLogOut" time="0.016" classname="qaclickacademy.RestAssuredTest"/>
  <testcase name="RestAssuredLogin" time="0.000" classname="qaclickacademy.RestAssuredTest"/>
</testsuite> <!-- qaclickacademy.RestAssuredTest -->
